17-Apr-2022 01:28:07.662 信息 [main] org.apache.catalina.startup.VersionLoggerListener.log Server.服务器版本: Apache Tomcat/9.0.62
17-Apr-2022 01:28:07.669 信息 [main] org.apache.catalina.startup.VersionLoggerListener.log 服务器构建:        Mar 31 2022 14:34:15 UTC
17-Apr-2022 01:28:07.669 信息 [main] org.apache.catalina.startup.VersionLoggerListener.log 服务器版本号:      9.0.62.0
17-Apr-2022 01:28:07.669 信息 [main] org.apache.catalina.startup.VersionLoggerListener.log 操作系统名称:      Mac OS X
17-Apr-2022 01:28:07.669 信息 [main] org.apache.catalina.startup.VersionLoggerListener.log OS.版本:           12.3.1
17-Apr-2022 01:28:07.669 信息 [main] org.apache.catalina.startup.VersionLoggerListener.log 架构:              x86_64
17-Apr-2022 01:28:07.669 信息 [main] org.apache.catalina.startup.VersionLoggerListener.log Java 环境变量:     /Library/Internet Plug-Ins/JavaAppletPlugin.plugin/Contents/Home
17-Apr-2022 01:28:07.669 信息 [main] org.apache.catalina.startup.VersionLoggerListener.log Java虚拟机版本:    1.8.0_321-b07
17-Apr-2022 01:28:07.669 信息 [main] org.apache.catalina.startup.VersionLoggerListener.log JVM.供应商:        Oracle Corporation
17-Apr-2022 01:28:07.669 信息 [main] org.apache.catalina.startup.VersionLoggerListener.log CATALINA_BASE:     /Users/rytlockbrimstone/Documents/java/apache-tomcat-9.0.62
17-Apr-2022 01:28:07.669 信息 [main] org.apache.catalina.startup.VersionLoggerListener.log CATALINA_HOME:     /Users/rytlockbrimstone/Documents/java/apache-tomcat-9.0.62
17-Apr-2022 01:28:07.815 信息 [main] org.apache.catalina.startup.VersionLoggerListener.log 命令行参数：       -Djava.util.logging.config.file=/Users/rytlockbrimstone/Documents/java/apache-tomcat-9.0.62/conf/logging.properties
17-Apr-2022 01:28:07.815 信息 [main] org.apache.catalina.startup.VersionLoggerListener.log 命令行参数：       -Djava.util.logging.manager=org.apache.juli.ClassLoaderLogManager
17-Apr-2022 01:28:07.815 信息 [main] org.apache.catalina.startup.VersionLoggerListener.log 命令行参数：       -Djdk.tls.ephemeralDHKeySize=2048
17-Apr-2022 01:28:07.815 信息 [main] org.apache.catalina.startup.VersionLoggerListener.log 命令行参数：       -Djava.protocol.handler.pkgs=org.apache.catalina.webresources
17-Apr-2022 01:28:07.815 信息 [main] org.apache.catalina.startup.VersionLoggerListener.log 命令行参数：       -Dorg.apache.catalina.security.SecurityListener.UMASK=0027
17-Apr-2022 01:28:07.815 信息 [main] org.apache.catalina.startup.VersionLoggerListener.log 命令行参数：       -Dignore.endorsed.dirs=
17-Apr-2022 01:28:07.816 信息 [main] org.apache.catalina.startup.VersionLoggerListener.log 命令行参数：       -Dcatalina.base=/Users/rytlockbrimstone/Documents/java/apache-tomcat-9.0.62
17-Apr-2022 01:28:07.816 信息 [main] org.apache.catalina.startup.VersionLoggerListener.log 命令行参数：       -Dcatalina.home=/Users/rytlockbrimstone/Documents/java/apache-tomcat-9.0.62
17-Apr-2022 01:28:07.816 信息 [main] org.apache.catalina.startup.VersionLoggerListener.log 命令行参数：       -Djava.io.tmpdir=/Users/rytlockbrimstone/Documents/java/apache-tomcat-9.0.62/temp
17-Apr-2022 01:28:07.823 信息 [main] org.apache.catalina.core.AprLifecycleListener.lifecycleEvent 在java.library.path:[/Users/rytlockbrimstone/Library/Java/Extensions:/Library/Java/Extensions:/Network/Library/Java/Extensions:/System/Library/Java/Extensions:/usr/lib/java:.]上找不到基于APR的Apache Tomcat本机库，该库允许在生产环境中获得最佳性能
17-Apr-2022 01:28:08.636 信息 [main] org.apache.coyote.AbstractProtocol.init 初始化协议处理器 ["http-nio-8080"]
17-Apr-2022 01:28:08.674 信息 [main] org.apache.catalina.startup.Catalina.load 服务器在[1220]毫秒内初始化
17-Apr-2022 01:28:08.716 信息 [main] org.apache.catalina.core.StandardService.startInternal 正在启动服务[Catalina]
17-Apr-2022 01:28:08.717 信息 [main] org.apache.catalina.core.StandardEngine.startInternal 正在启动 Servlet 引擎：[Apache Tomcat/9.0.62]
17-Apr-2022 01:28:08.723 信息 [main] org.apache.catalina.startup.HostConfig.deployDirectory 把web 应用程序部署到目录 [/Users/rytlockbrimstone/Documents/java/apache-tomcat-9.0.62/webapps/docs]
17-Apr-2022 01:28:09.008 信息 [main] org.apache.catalina.startup.HostConfig.deployDirectory Web应用程序目录[/Users/rytlockbrimstone/Documents/java/apache-tomcat-9.0.62/webapps/docs]的部署已在[281]毫秒内完成
17-Apr-2022 01:28:09.009 信息 [main] org.apache.catalina.startup.HostConfig.deployDirectory 把web 应用程序部署到目录 [/Users/rytlockbrimstone/Documents/java/apache-tomcat-9.0.62/webapps/manager]
17-Apr-2022 01:28:09.061 信息 [main] org.apache.catalina.startup.HostConfig.deployDirectory Web应用程序目录[/Users/rytlockbrimstone/Documents/java/apache-tomcat-9.0.62/webapps/manager]的部署已在[51]毫秒内完成
17-Apr-2022 01:28:09.061 信息 [main] org.apache.catalina.startup.HostConfig.deployDirectory 把web 应用程序部署到目录 [/Users/rytlockbrimstone/Documents/java/apache-tomcat-9.0.62/webapps/examples]
17-Apr-2022 01:28:09.449 信息 [main] org.apache.catalina.startup.HostConfig.deployDirectory Web应用程序目录[/Users/rytlockbrimstone/Documents/java/apache-tomcat-9.0.62/webapps/examples]的部署已在[388]毫秒内完成
17-Apr-2022 01:28:09.449 信息 [main] org.apache.catalina.startup.HostConfig.deployDirectory 把web 应用程序部署到目录 [/Users/rytlockbrimstone/Documents/java/apache-tomcat-9.0.62/webapps/ROOT]
17-Apr-2022 01:28:09.479 信息 [main] org.apache.catalina.startup.HostConfig.deployDirectory Web应用程序目录[/Users/rytlockbrimstone/Documents/java/apache-tomcat-9.0.62/webapps/ROOT]的部署已在[29]毫秒内完成
17-Apr-2022 01:28:09.479 信息 [main] org.apache.catalina.startup.HostConfig.deployDirectory 把web 应用程序部署到目录 [/Users/rytlockbrimstone/Documents/java/apache-tomcat-9.0.62/webapps/host-manager]
17-Apr-2022 01:28:09.506 信息 [main] org.apache.catalina.startup.HostConfig.deployDirectory Web应用程序目录[/Users/rytlockbrimstone/Documents/java/apache-tomcat-9.0.62/webapps/host-manager]的部署已在[27]毫秒内完成
17-Apr-2022 01:28:09.509 信息 [main] org.apache.coyote.AbstractProtocol.start 开始协议处理句柄["http-nio-8080"]
17-Apr-2022 01:28:09.519 信息 [main] org.apache.catalina.startup.Catalina.start [845]毫秒后服务器启动
17-Apr-2022 01:29:20.352 信息 [main] org.apache.catalina.core.StandardServer.await 通过关闭端口接收到有效的关闭命令。正在停止服务器实例。
17-Apr-2022 01:29:20.355 信息 [main] org.apache.coyote.AbstractProtocol.pause 暂停ProtocolHandler["http-nio-8080"]
17-Apr-2022 01:29:20.363 信息 [main] org.apache.catalina.core.StandardService.stopInternal 正在停止服务[Catalina]
17-Apr-2022 01:29:20.414 信息 [main] org.apache.coyote.AbstractProtocol.stop 正在停止ProtocolHandler ["http-nio-8080"]
17-Apr-2022 01:29:20.428 信息 [main] org.apache.coyote.AbstractProtocol.destroy 正在摧毁协议处理器 ["http-nio-8080"]
